running egg_info
creating ../build/vision_tracker/vision_tracker.egg-info
writing ../build/vision_tracker/vision_tracker.egg-info/PKG-INFO
writing dependency_links to ../build/vision_tracker/vision_tracker.egg-info/dependency_links.txt
writing entry points to ../build/vision_tracker/vision_tracker.egg-info/entry_points.txt
writing requirements to ../build/vision_tracker/vision_tracker.egg-info/requires.txt
writing top-level names to ../build/vision_tracker/vision_tracker.egg-info/top_level.txt
writing manifest file '../build/vision_tracker/vision_tracker.egg-info/SOURCES.txt'
reading manifest file '../build/vision_tracker/vision_tracker.egg-info/SOURCES.txt'
writing manifest file '../build/vision_tracker/vision_tracker.egg-info/SOURCES.txt'
running build
running build_py
creating /home/idmx/coppelia_ws/build/vision_tracker/build
creating /home/idmx/coppelia_ws/build/vision_tracker/build/lib
creating /home/idmx/coppelia_ws/build/vision_tracker/build/lib/vision_tracker
copying vision_tracker/vision_controller.py -> /home/idmx/coppelia_ws/build/vision_tracker/build/lib/vision_tracker
copying vision_tracker/__init__.py -> /home/idmx/coppelia_ws/build/vision_tracker/build/lib/vision_tracker
running install
running install_lib
creating /home/idmx/coppelia_ws/install/vision_tracker/lib/python3.10/site-packages/vision_tracker
copying /home/idmx/coppelia_ws/build/vision_tracker/build/lib/vision_tracker/vision_controller.py -> /home/idmx/coppelia_ws/install/vision_tracker/lib/python3.10/site-packages/vision_tracker
copying /home/idmx/coppelia_ws/build/vision_tracker/build/lib/vision_tracker/__init__.py -> /home/idmx/coppelia_ws/install/vision_tracker/lib/python3.10/site-packages/vision_tracker
byte-compiling /home/idmx/coppelia_ws/install/vision_tracker/lib/python3.10/site-packages/vision_tracker/vision_controller.py to vision_controller.cpython-310.pyc
byte-compiling /home/idmx/coppelia_ws/install/vision_tracker/lib/python3.10/site-packages/vision_tracker/__init__.py to __init__.cpython-310.pyc
running install_data
creating /home/idmx/coppelia_ws/install/vision_tracker/share/ament_index
creating /home/idmx/coppelia_ws/install/vision_tracker/share/ament_index/resource_index
creating /home/idmx/coppelia_ws/install/vision_tracker/share/ament_index/resource_index/packages
copying resource/vision_tracker -> /home/idmx/coppelia_ws/install/vision_tracker/share/ament_index/resource_index/packages
copying package.xml -> /home/idmx/coppelia_ws/install/vision_tracker/share/vision_tracker
running install_egg_info
Copying ../build/vision_tracker/vision_tracker.egg-info to /home/idmx/coppelia_ws/install/vision_tracker/lib/python3.10/site-packages/vision_tracker-0.0.0-py3.10.egg-info
running install_scripts
Installing vision_controller script to /home/idmx/coppelia_ws/install/vision_tracker/lib/vision_tracker
writing list of installed files to '/home/idmx/coppelia_ws/build/vision_tracker/install.log'
