[0.391s] Invoking command in '/home/idmx/coppelia_ws/vision_tracker': PYTHONPATH=/home/idmx/coppelia_ws/build/vision_tracker/prefix_override:/usr/lib/python3/dist-packages/colcon_core/task/python/colcon_distutils_commands:/home/idmx/coppelia_ws/install/vision_tracker/lib/python3.10/site-packages:${PYTHONPATH} /usr/bin/python3 -W ignore:setup.py install is deprecated -W ignore:easy_install command is deprecated setup.py egg_info --egg-base ../build/vision_tracker build --build-base /home/idmx/coppelia_ws/build/vision_tracker/build install --record /home/idmx/coppelia_ws/build/vision_tracker/install.log --single-version-externally-managed install_data
[0.558s] running egg_info
[0.559s] creating ../build/vision_tracker/vision_tracker.egg-info
[0.559s] writing ../build/vision_tracker/vision_tracker.egg-info/PKG-INFO
[0.559s] writing dependency_links to ../build/vision_tracker/vision_tracker.egg-info/dependency_links.txt
[0.559s] writing entry points to ../build/vision_tracker/vision_tracker.egg-info/entry_points.txt
[0.559s] writing requirements to ../build/vision_tracker/vision_tracker.egg-info/requires.txt
[0.559s] writing top-level names to ../build/vision_tracker/vision_tracker.egg-info/top_level.txt
[0.559s] writing manifest file '../build/vision_tracker/vision_tracker.egg-info/SOURCES.txt'
[0.561s] reading manifest file '../build/vision_tracker/vision_tracker.egg-info/SOURCES.txt'
[0.561s] writing manifest file '../build/vision_tracker/vision_tracker.egg-info/SOURCES.txt'
[0.561s] running build
[0.561s] running build_py
[0.561s] creating /home/idmx/coppelia_ws/build/vision_tracker/build
[0.561s] creating /home/idmx/coppelia_ws/build/vision_tracker/build/lib
[0.561s] creating /home/idmx/coppelia_ws/build/vision_tracker/build/lib/vision_tracker
[0.561s] copying vision_tracker/vision_controller.py -> /home/idmx/coppelia_ws/build/vision_tracker/build/lib/vision_tracker
[0.561s] copying vision_tracker/__init__.py -> /home/idmx/coppelia_ws/build/vision_tracker/build/lib/vision_tracker
[0.561s] running install
[0.562s] running install_lib
[0.563s] creating /home/idmx/coppelia_ws/install/vision_tracker/lib/python3.10/site-packages/vision_tracker
[0.563s] copying /home/idmx/coppelia_ws/build/vision_tracker/build/lib/vision_tracker/vision_controller.py -> /home/idmx/coppelia_ws/install/vision_tracker/lib/python3.10/site-packages/vision_tracker
[0.563s] copying /home/idmx/coppelia_ws/build/vision_tracker/build/lib/vision_tracker/__init__.py -> /home/idmx/coppelia_ws/install/vision_tracker/lib/python3.10/site-packages/vision_tracker
[0.564s] byte-compiling /home/idmx/coppelia_ws/install/vision_tracker/lib/python3.10/site-packages/vision_tracker/vision_controller.py to vision_controller.cpython-310.pyc
[0.564s] byte-compiling /home/idmx/coppelia_ws/install/vision_tracker/lib/python3.10/site-packages/vision_tracker/__init__.py to __init__.cpython-310.pyc
[0.564s] running install_data
[0.565s] creating /home/idmx/coppelia_ws/install/vision_tracker/share/ament_index
[0.565s] creating /home/idmx/coppelia_ws/install/vision_tracker/share/ament_index/resource_index
[0.565s] creating /home/idmx/coppelia_ws/install/vision_tracker/share/ament_index/resource_index/packages
[0.565s] copying resource/vision_tracker -> /home/idmx/coppelia_ws/install/vision_tracker/share/ament_index/resource_index/packages
[0.565s] copying package.xml -> /home/idmx/coppelia_ws/install/vision_tracker/share/vision_tracker
[0.565s] running install_egg_info
[0.566s] Copying ../build/vision_tracker/vision_tracker.egg-info to /home/idmx/coppelia_ws/install/vision_tracker/lib/python3.10/site-packages/vision_tracker-0.0.0-py3.10.egg-info
[0.567s] running install_scripts
[0.587s] Installing vision_controller script to /home/idmx/coppelia_ws/install/vision_tracker/lib/vision_tracker
[0.587s] writing list of installed files to '/home/idmx/coppelia_ws/build/vision_tracker/install.log'
[0.609s] Invoked command in '/home/idmx/coppelia_ws/vision_tracker' returned '0': PYTHONPATH=/home/idmx/coppelia_ws/build/vision_tracker/prefix_override:/usr/lib/python3/dist-packages/colcon_core/task/python/colcon_distutils_commands:/home/idmx/coppelia_ws/install/vision_tracker/lib/python3.10/site-packages:${PYTHONPATH} /usr/bin/python3 -W ignore:setup.py install is deprecated -W ignore:easy_install command is deprecated setup.py egg_info --egg-base ../build/vision_tracker build --build-base /home/idmx/coppelia_ws/build/vision_tracker/build install --record /home/idmx/coppelia_ws/build/vision_tracker/install.log --single-version-externally-managed install_data
