running egg_info
writing ../build/vision_tracker/vision_tracker.egg-info/PKG-INFO
writing dependency_links to ../build/vision_tracker/vision_tracker.egg-info/dependency_links.txt
writing entry points to ../build/vision_tracker/vision_tracker.egg-info/entry_points.txt
writing requirements to ../build/vision_tracker/vision_tracker.egg-info/requires.txt
writing top-level names to ../build/vision_tracker/vision_tracker.egg-info/top_level.txt
reading manifest file '../build/vision_tracker/vision_tracker.egg-info/SOURCES.txt'
writing manifest file '../build/vision_tracker/vision_tracker.egg-info/SOURCES.txt'
running build
running build_py
copying vision_tracker/vision_controller.py -> /home/idmx/coppelia_ws/build/vision_tracker/build/lib/vision_tracker
running install
running install_lib
copying /home/idmx/coppelia_ws/build/vision_tracker/build/lib/vision_tracker/vision_controller.py -> /home/idmx/coppelia_ws/install/vision_tracker/lib/python3.10/site-packages/vision_tracker
byte-compiling /home/idmx/coppelia_ws/install/vision_tracker/lib/python3.10/site-packages/vision_tracker/vision_controller.py to vision_controller.cpython-310.pyc
running install_data
running install_egg_info
removing '/home/idmx/coppelia_ws/install/vision_tracker/lib/python3.10/site-packages/vision_tracker-0.0.0-py3.10.egg-info' (and everything under it)
Copying ../build/vision_tracker/vision_tracker.egg-info to /home/idmx/coppelia_ws/install/vision_tracker/lib/python3.10/site-packages/vision_tracker-0.0.0-py3.10.egg-info
running install_scripts
Installing vision_controller script to /home/idmx/coppelia_ws/install/vision_tracker/lib/vision_tracker
writing list of installed files to '/home/idmx/coppelia_ws/build/vision_tracker/install.log'
