[0.430s] Invoking command in '/home/idmx/coppelia_ws/vision_tracker': PYTHONPATH=/home/idmx/coppelia_ws/build/vision_tracker/prefix_override:/usr/lib/python3/dist-packages/colcon_core/task/python/colcon_distutils_commands:/home/idmx/coppelia_ws/install/vision_tracker/lib/python3.10/site-packages:${PYTHONPATH} /usr/bin/python3 -W ignore:setup.py install is deprecated -W ignore:easy_install command is deprecated setup.py egg_info --egg-base ../build/vision_tracker build --build-base /home/idmx/coppelia_ws/build/vision_tracker/build install --record /home/idmx/coppelia_ws/build/vision_tracker/install.log --single-version-externally-managed install_data
[0.583s] running egg_info
[0.584s] writing ../build/vision_tracker/vision_tracker.egg-info/PKG-INFO
[0.584s] writing dependency_links to ../build/vision_tracker/vision_tracker.egg-info/dependency_links.txt
[0.584s] writing entry points to ../build/vision_tracker/vision_tracker.egg-info/entry_points.txt
[0.584s] writing requirements to ../build/vision_tracker/vision_tracker.egg-info/requires.txt
[0.584s] writing top-level names to ../build/vision_tracker/vision_tracker.egg-info/top_level.txt
[0.585s] reading manifest file '../build/vision_tracker/vision_tracker.egg-info/SOURCES.txt'
[0.586s] writing manifest file '../build/vision_tracker/vision_tracker.egg-info/SOURCES.txt'
[0.586s] running build
[0.586s] running build_py
[0.586s] copying vision_tracker/vision_controller.py -> /home/idmx/coppelia_ws/build/vision_tracker/build/lib/vision_tracker
[0.586s] running install
[0.586s] running install_lib
[0.587s] copying /home/idmx/coppelia_ws/build/vision_tracker/build/lib/vision_tracker/vision_controller.py -> /home/idmx/coppelia_ws/install/vision_tracker/lib/python3.10/site-packages/vision_tracker
[0.588s] byte-compiling /home/idmx/coppelia_ws/install/vision_tracker/lib/python3.10/site-packages/vision_tracker/vision_controller.py to vision_controller.cpython-310.pyc
[0.588s] running install_data
[0.589s] running install_egg_info
[0.590s] removing '/home/idmx/coppelia_ws/install/vision_tracker/lib/python3.10/site-packages/vision_tracker-0.0.0-py3.10.egg-info' (and everything under it)
[0.590s] Copying ../build/vision_tracker/vision_tracker.egg-info to /home/idmx/coppelia_ws/install/vision_tracker/lib/python3.10/site-packages/vision_tracker-0.0.0-py3.10.egg-info
[0.590s] running install_scripts
[0.604s] Installing vision_controller script to /home/idmx/coppelia_ws/install/vision_tracker/lib/vision_tracker
[0.604s] writing list of installed files to '/home/idmx/coppelia_ws/build/vision_tracker/install.log'
[0.622s] Invoked command in '/home/idmx/coppelia_ws/vision_tracker' returned '0': PYTHONPATH=/home/idmx/coppelia_ws/build/vision_tracker/prefix_override:/usr/lib/python3/dist-packages/colcon_core/task/python/colcon_distutils_commands:/home/idmx/coppelia_ws/install/vision_tracker/lib/python3.10/site-packages:${PYTHONPATH} /usr/bin/python3 -W ignore:setup.py install is deprecated -W ignore:easy_install command is deprecated setup.py egg_info --egg-base ../build/vision_tracker build --build-base /home/idmx/coppelia_ws/build/vision_tracker/build install --record /home/idmx/coppelia_ws/build/vision_tracker/install.log --single-version-externally-managed install_data
